#
# There is insufficient memory for the Java Runtime Environment to continue.
# Native memory allocation (malloc) failed to allocate 1165840 bytes. Error detail: Chunk::new
# Possible reasons:
#   The system is out of physical RAM or swap space
#   This process is running with CompressedOops enabled, and the Java Heap may be blocking the growth of the native heap
# Possible solutions:
#   Reduce memory load on the system
#   Increase physical memory or swap space
#   Check if swap backing store is full
#   Decrease Java heap size (-Xmx/-Xms)
#   Decrease number of Java threads
#   Decrease Java thread stack sizes (-Xss)
#   Set larger code cache with -XX:ReservedCodeCacheSize=
#   JVM is running with Unscaled Compressed Oops mode in which the Java heap is
#     placed in the first 4GB address space. The Java Heap base address is the
#     maximum limit for the native heap growth. Please use -XX:HeapBaseMinAddress
#     to set the Java Heap base and to place the Java Heap above 4GB virtual address.
# This output file may be truncated or incomplete.
#
#  Out of Memory Error (arena.cpp:168), pid=37396, tid=37088
#
# JRE version: OpenJDK Runtime Environment Temurin-21.0.9+10 (21.0.9+10) (build 21.0.9+10-LTS)
# Java VM: OpenJDK 64-Bit Server VM Temurin-21.0.9+10 (21.0.9+10-LTS, mixed mode, sharing, tiered, compressed oops, compressed class ptrs, parallel gc, windows-amd64)
# No core dump will be written. Minidumps are not enabled by default on client versions of Windows
#

---------------  S U M M A R Y ------------

Command Line: --add-modules=ALL-SYSTEM --add-opens=java.base/java.util=ALL-UNNAMED --add-opens=java.base/java.lang=ALL-UNNAMED --add-opens=java.base/sun.nio.fs=ALL-UNNAMED -Declipse.application=org.eclipse.jdt.ls.core.id1 -Dosgi.bundles.defaultStartLevel=4 -Declipse.product=org.eclipse.jdt.ls.core.product -Djava.import.generatesMetadataFilesAtProjectRoot=false -DDetectVMInstallationsJob.disabled=true -Dfile.encoding=utf8 -XX:+UseParallelGC -XX:GCTimeRatio=4 -XX:AdaptiveSizePolicyWeight=90 -Dsun.zip.disableMemoryMapping=true -Xmx2G -Xms100m -Xlog:disable -javaagent:c:\Users\Danie\.cursor\extensions\redhat.java-1.51.0-win32-x64\lombok\lombok-1.18.39-4050.jar -XX:+HeapDumpOnOutOfMemoryError -XX:HeapDumpPath=c:\Users\Danie\AppData\Roaming\Cursor\User\workspaceStorage\fdc5b3aaf315902593eb3eec2b7a4817\redhat.java -Daether.dependencyCollector.impl=bf c:\Users\Danie\.cursor\extensions\redhat.java-1.51.0-win32-x64\server\plugins\org.eclipse.equinox.launcher_1.7.100.v20251111-0406.jar -configuration c:\Users\Danie\AppData\Roaming\Cursor\User\globalStorage\redhat.java\1.51.0\config_win -data c:\Users\Danie\AppData\Roaming\Cursor\User\workspaceStorage\fdc5b3aaf315902593eb3eec2b7a4817\redhat.java\jdt_ws --pipe=\\.\pipe\lsp-70348861efaf09c4b5d2055109dfa190-sock

Host: AMD Ryzen 9 5900X 12-Core Processor            , 24 cores, 31G,  Windows 11 , 64 bit Build 26100 (10.0.26100.7309)
Time: Tue Jan 13 14:33:37 2026 Jerusalem Standard Time elapsed time: 15.401395 seconds (0d 0h 0m 15s)

---------------  T H R E A D  ---------------

Current thread (0x0000027165761440):  JavaThread "C2 CompilerThread2" daemon [_thread_in_native, id=37088, stack(0x000000f978e00000,0x000000f978f00000) (1024K)]


Current CompileTask:
C2:15401 10164       4       org.eclipse.jdt.internal.core.JarPackageFragmentRoot::initRawPackageInfo (292 bytes)

Stack: [0x000000f978e00000,0x000000f978f00000]
Native frames: (J=compiled Java code, j=interpreted, Vv=VM code, C=native code)
V  [jvm.dll+0x6d6e29]
V  [jvm.dll+0x8b4b76]
V  [jvm.dll+0x8b712e]
V  [jvm.dll+0x8b7813]
V  [jvm.dll+0x283d86]
V  [jvm.dll+0xc66ed]
V  [jvm.dll+0xc6c31]
V  [jvm.dll+0x3be53b]
V  [jvm.dll+0x1e3d59]
V  [jvm.dll+0x24c0f3]
V  [jvm.dll+0x24b580]
V  [jvm.dll+0x1cb13e]
V  [jvm.dll+0x25b29d]
V  [jvm.dll+0x25982a]
V  [jvm.dll+0x3f7ea6]
V  [jvm.dll+0x85e9ad]
V  [jvm.dll+0x6d565d]
C  [ucrtbase.dll+0x37b0]
C  [KERNEL32.DLL+0x2e8d7]
C  [ntdll.dll+0x8c53c]


---------------  P R O C E S S  ---------------

Threads class SMR info:
_java_thread_list=0x000002716781cde0, length=109, elements={
0x00000271028427a0, 0x000002711b544bf0, 0x000002711b545840, 0x000002711b54d190,
0x000002715dadc830, 0x000002715dadcec0, 0x000002715dadef90, 0x000002715daf4da0,
0x000002715daeaeb0, 0x000002715dbd8c10, 0x000002715dadd550, 0x0000027160356690,
0x000002715daddbe0, 0x000002715dade270, 0x000002715dadf620, 0x000002715dade900,
0x000002715dadc1a0, 0x00000271652dade0, 0x00000271652d9a30, 0x00000271652d8680,
0x00000271652da750, 0x00000271652db470, 0x00000271652d8d10, 0x00000271652da0c0,
0x00000271652d7ff0, 0x00000271652d93a0, 0x00000271652de8f0, 0x00000271652dc820,
0x00000271652dbb00, 0x00000271652def80, 0x00000271652dceb0, 0x00000271652dd540,
0x00000271652ddbd0, 0x00000271652df610, 0x00000271652de260, 0x00000271652dc190,
0x0000027165d374b0, 0x0000027165d36790, 0x0000027165d353e0, 0x0000027165d35a70,
0x0000027165d37b40, 0x0000027165d38ef0, 0x0000027165d381d0, 0x0000027165b0b120,
0x0000027165d39580, 0x0000027165d3a2a0, 0x0000027165d39c10, 0x0000027165d36e20,
0x0000027165d3a930, 0x0000027165d3bce0, 0x0000027165d3afc0, 0x0000027165d3b650,
0x0000027165d3ca00, 0x0000027165d3c370, 0x0000027167cd1ab0, 0x0000027167cd3b80,
0x0000027167cd1420, 0x0000027167cd2140, 0x0000027167cd34f0, 0x0000027167cd4f30,
0x0000027167cd27d0, 0x0000027167cd55c0, 0x0000027167cd5c50, 0x0000027167cd62e0,
0x0000027167cd2e60, 0x0000027167cd6970, 0x0000027167cd7000, 0x0000027167cd7690,
0x0000027167cd4210, 0x0000027167cd7d20, 0x0000027167cd48a0, 0x0000027167cd83b0,
0x0000027167cd8a40, 0x0000027167b69150, 0x0000027167b68430, 0x0000027167b697e0,
0x0000027167b68ac0, 0x0000027167b69e70, 0x0000027167b6a500, 0x0000027167b6ab90,
0x0000027167b67710, 0x0000027167b6b220, 0x0000027167b67da0, 0x0000027167b6cc60,
0x0000027167b6e010, 0x0000027167b6bf40, 0x0000027167b6e6a0, 0x0000027167b6b8b0,
0x0000027167b6c5d0, 0x0000027167b6d2f0, 0x0000027167b6d980, 0x00000271694a53b0,
0x00000271694a5a40, 0x00000271694a60d0, 0x00000271694a4d20, 0x00000271694a6760,
0x00000271694a4000, 0x00000271694a6df0, 0x00000271694a3970, 0x00000271694a4690,
0x00000271694a9550, 0x00000271694aa270, 0x00000271694a8830, 0x00000271694a7b10,
0x00000271666ec7c0, 0x0000027165761440, 0x00000271657628b0, 0x0000027165760d70,
0x0000027165761b10
}

Java Threads: ( => current thread )
  0x00000271028427a0 JavaThread "main"                              [_thread_blocked, id=17064, stack(0x000000f975500000,0x000000f975600000) (1024K)]
  0x000002711b544bf0 JavaThread "Reference Handler"          daemon [_thread_blocked, id=37864, stack(0x000000f975900000,0x000000f975a00000) (1024K)]
  0x000002711b545840 JavaThread "Finalizer"                  daemon [_thread_blocked, id=20224, stack(0x000000f975a00000,0x000000f975b00000) (1024K)]
  0x000002711b54d190 JavaThread "Signal Dispatcher"          daemon [_thread_blocked, id=13828, stack(0x000000f975b00000,0x000000f975c00000) (1024K)]
  0x000002715dadc830 JavaThread "Attach Listener"            daemon [_thread_blocked, id=37004, stack(0x000000f975c00000,0x000000f975d00000) (1024K)]
  0x000002715dadcec0 JavaThread "Service Thread"             daemon [_thread_blocked, id=37260, stack(0x000000f975d00000,0x000000f975e00000) (1024K)]
  0x000002715dadef90 JavaThread "Monitor Deflation Thread"   daemon [_thread_blocked, id=36976, stack(0x000000f975e00000,0x000000f975f00000) (1024K)]
  0x000002715daf4da0 JavaThread "C2 CompilerThread0"         daemon [_thread_in_native, id=37168, stack(0x000000f975f00000,0x000000f976000000) (1024K)]
  0x000002715daeaeb0 JavaThread "C1 CompilerThread0"         daemon [_thread_blocked, id=36756, stack(0x000000f976000000,0x000000f976100000) (1024K)]
  0x000002715dbd8c10 JavaThread "C1 CompilerThread1"         daemon [_thread_blocked, id=37332, stack(0x000000f976100000,0x000000f976200000) (1024K)]
  0x000002715dadd550 JavaThread "Common-Cleaner"             daemon [_thread_blocked, id=36964, stack(0x000000f976300000,0x000000f976400000) (1024K)]
  0x0000027160356690 JavaThread "C1 CompilerThread2"         daemon [_thread_blocked, id=37788, stack(0x000000f976400000,0x000000f976500000) (1024K)]
  0x000002715daddbe0 JavaThread "Notification Thread"        daemon [_thread_blocked, id=37212, stack(0x000000f976600000,0x000000f976700000) (1024K)]
  0x000002715dade270 JavaThread "Equinox resolver thread - Equinox Container: f69f33c7-aa2d-495c-bc13-dd930dc0d9a5" daemon [_thread_blocked, id=18608, stack(0x000000f976f00000,0x000000f977000000) (1024K)]
  0x000002715dadf620 JavaThread "Equinox resolver thread - Equinox Container: f69f33c7-aa2d-495c-bc13-dd930dc0d9a5" daemon [_thread_blocked, id=37044, stack(0x000000f977000000,0x000000f977100000) (1024K)]
  0x000002715dade900 JavaThread "Equinox resolver thread - Equinox Container: f69f33c7-aa2d-495c-bc13-dd930dc0d9a5" daemon [_thread_blocked, id=37428, stack(0x000000f977100000,0x000000f977200000) (1024K)]
  0x000002715dadc1a0 JavaThread "Equinox resolver thread - Equinox Container: f69f33c7-aa2d-495c-bc13-dd930dc0d9a5" daemon [_thread_blocked, id=10260, stack(0x000000f977200000,0x000000f977300000) (1024K)]
  0x00000271652dade0 JavaThread "Equinox resolver thread - Equinox Container: f69f33c7-aa2d-495c-bc13-dd930dc0d9a5" daemon [_thread_blocked, id=37596, stack(0x000000f977300000,0x000000f977400000) (1024K)]
  0x00000271652d9a30 JavaThread "Equinox resolver thread - Equinox Container: f69f33c7-aa2d-495c-bc13-dd930dc0d9a5" daemon [_thread_blocked, id=37680, stack(0x000000f977400000,0x000000f977500000) (1024K)]
  0x00000271652d8680 JavaThread "Active Thread: Equinox Container: f69f33c7-aa2d-495c-bc13-dd930dc0d9a5"        [_thread_blocked, id=18676, stack(0x000000f977500000,0x000000f977600000) (1024K)]
  0x00000271652da750 JavaThread "Framework Event Dispatcher: Equinox Container: f69f33c7-aa2d-495c-bc13-dd930dc0d9a5" daemon [_thread_blocked, id=37300, stack(0x000000f977700000,0x000000f977800000) (1024K)]
  0x00000271652db470 JavaThread "Start Level: Equinox Container: f69f33c7-aa2d-495c-bc13-dd930dc0d9a5" daemon [_thread_blocked, id=32816, stack(0x000000f977800000,0x000000f977900000) (1024K)]
  0x00000271652d8d10 JavaThread "Bundle File Closer"         daemon [_thread_blocked, id=37204, stack(0x000000f977900000,0x000000f977a00000) (1024K)]
  0x00000271652da0c0 JavaThread "Refresh Thread: Equinox Container: f69f33c7-aa2d-495c-bc13-dd930dc0d9a5" daemon [_thread_blocked, id=36920, stack(0x000000f977a00000,0x000000f977b00000) (1024K)]
  0x00000271652d7ff0 JavaThread "Equinox resolver thread - Equinox Container: f69f33c7-aa2d-495c-bc13-dd930dc0d9a5" daemon [_thread_blocked, id=36808, stack(0x000000f977b00000,0x000000f977c00000) (1024K)]
  0x00000271652d93a0 JavaThread "Equinox resolver thread - Equinox Container: f69f33c7-aa2d-495c-bc13-dd930dc0d9a5" daemon [_thread_blocked, id=35960, stack(0x000000f977c00000,0x000000f977d00000) (1024K)]
  0x00000271652de8f0 JavaThread "Equinox resolver thread - Equinox Container: f69f33c7-aa2d-495c-bc13-dd930dc0d9a5" daemon [_thread_blocked, id=12508, stack(0x000000f977d00000,0x000000f977e00000) (1024K)]
  0x00000271652dc820 JavaThread "Equinox resolver thread - Equinox Container: f69f33c7-aa2d-495c-bc13-dd930dc0d9a5" daemon [_thread_blocked, id=4044, stack(0x000000f977e00000,0x000000f977f00000) (1024K)]
  0x00000271652dbb00 JavaThread "Equinox resolver thread - Equinox Container: f69f33c7-aa2d-495c-bc13-dd930dc0d9a5" daemon [_thread_blocked, id=36944, stack(0x000000f977f00000,0x000000f978000000) (1024K)]
  0x00000271652def80 JavaThread "Equinox resolver thread - Equinox Container: f69f33c7-aa2d-495c-bc13-dd930dc0d9a5" daemon [_thread_blocked, id=6364, stack(0x000000f978000000,0x000000f978100000) (1024K)]
  0x00000271652dceb0 JavaThread "Equinox resolver thread - Equinox Container: f69f33c7-aa2d-495c-bc13-dd930dc0d9a5" daemon [_thread_blocked, id=37648, stack(0x000000f978100000,0x000000f978200000) (1024K)]
  0x00000271652dd540 JavaThread "Equinox resolver thread - Equinox Container: f69f33c7-aa2d-495c-bc13-dd930dc0d9a5" daemon [_thread_blocked, id=37340, stack(0x000000f978200000,0x000000f978300000) (1024K)]
  0x00000271652ddbd0 JavaThread "Equinox resolver thread - Equinox Container: f69f33c7-aa2d-495c-bc13-dd930dc0d9a5" daemon [_thread_blocked, id=37548, stack(0x000000f978300000,0x000000f978400000) (1024K)]
  0x00000271652df610 JavaThread "Equinox resolver thread - Equinox Container: f69f33c7-aa2d-495c-bc13-dd930dc0d9a5" daemon [_thread_blocked, id=37392, stack(0x000000f978400000,0x000000f978500000) (1024K)]
  0x00000271652de260 JavaThread "Equinox resolver thread - Equinox Container: f69f33c7-aa2d-495c-bc13-dd930dc0d9a5" daemon [_thread_blocked, id=37732, stack(0x000000f978500000,0x000000f978600000) (1024K)]
  0x00000271652dc190 JavaThread "Equinox resolver thread - Equinox Container: f69f33c7-aa2d-495c-bc13-dd930dc0d9a5" daemon [_thread_blocked, id=33084, stack(0x000000f978600000,0x000000f978700000) (1024K)]
  0x0000027165d374b0 JavaThread "Equinox resolver thread - Equinox Container: f69f33c7-aa2d-495c-bc13-dd930dc0d9a5" daemon [_thread_blocked, id=37676, stack(0x000000f978700000,0x000000f978800000) (1024K)]
  0x0000027165d36790 JavaThread "Equinox resolver thread - Equinox Container: f69f33c7-aa2d-495c-bc13-dd930dc0d9a5" daemon [_thread_blocked, id=37652, stack(0x000000f978800000,0x000000f978900000) (1024K)]
  0x0000027165d353e0 JavaThread "Equinox resolver thread - Equinox Container: f69f33c7-aa2d-495c-bc13-dd930dc0d9a5" daemon [_thread_blocked, id=37560, stack(0x000000f978900000,0x000000f978a00000) (1024K)]
  0x0000027165d35a70 JavaThread "Equinox resolver thread - Equinox Container: f69f33c7-aa2d-495c-bc13-dd930dc0d9a5" daemon [_thread_blocked, id=33340, stack(0x000000f978a00000,0x000000f978b00000) (1024K)]
  0x0000027165d37b40 JavaThread "Equinox resolver thread - Equinox Container: f69f33c7-aa2d-495c-bc13-dd930dc0d9a5" daemon [_thread_blocked, id=37272, stack(0x000000f978b00000,0x000000f978c00000) (1024K)]
  0x0000027165d38ef0 JavaThread "Equinox resolver thread - Equinox Container: f69f33c7-aa2d-495c-bc13-dd930dc0d9a5" daemon [_thread_blocked, id=35392, stack(0x000000f978c00000,0x000000f978d00000) (1024K)]
  0x0000027165d381d0 JavaThread "SCR Component Actor"        daemon [_thread_blocked, id=37968, stack(0x000000f976800000,0x000000f976900000) (1024K)]
  0x0000027165b0b120 JavaThread "C1 CompilerThread3"         daemon [_thread_blocked, id=37976, stack(0x000000f978d00000,0x000000f978e00000) (1024K)]
  0x0000027165d39580 JavaThread "Worker-JM"                         [_thread_blocked, id=36960, stack(0x000000f979300000,0x000000f979400000) (1024K)]
  0x0000027165d3a2a0 JavaThread "JNA Cleaner"                daemon [_thread_blocked, id=25620, stack(0x000000f979400000,0x000000f979500000) (1024K)]
  0x0000027165d39c10 JavaThread "Worker-0"                          [_thread_blocked, id=33624, stack(0x000000f979700000,0x000000f979800000) (1024K)]
  0x0000027165d36e20 JavaThread "Worker-1: Initialize workspace"        [_thread_in_native, id=37228, stack(0x000000f979800000,0x000000f979900000) (1024K)]
  0x0000027165d3a930 JavaThread "Java indexing"              daemon [_thread_blocked, id=38176, stack(0x000000f979c00000,0x000000f979d00000) (1024K)]
  0x0000027165d3bce0 JavaThread "Worker-2"                          [_thread_blocked, id=38116, stack(0x000000f97a300000,0x000000f97a400000) (1024K)]
  0x0000027165d3afc0 JavaThread "Worker-3: Publish Diagnostics"        [_thread_in_native, id=38120, stack(0x000000f97a400000,0x000000f97a500000) (1024K)]
  0x0000027165d3b650 JavaThread "Thread-1"                   daemon [_thread_in_native, id=38128, stack(0x000000f97a500000,0x000000f97a600000) (1024K)]
  0x0000027165d3ca00 JavaThread "Thread-2"                   daemon [_thread_in_native, id=38132, stack(0x000000f97a600000,0x000000f97a700000) (1024K)]
  0x0000027165d3c370 JavaThread "Thread-3"                   daemon [_thread_in_native, id=38136, stack(0x000000f97a700000,0x000000f97a800000) (1024K)]
  0x0000027167cd1ab0 JavaThread "Thread-4"                   daemon [_thread_in_native, id=38140, stack(0x000000f97a800000,0x000000f97a900000) (1024K)]
  0x0000027167cd3b80 JavaThread "Thread-5"                   daemon [_thread_in_native, id=38144, stack(0x000000f97a900000,0x000000f97aa00000) (1024K)]
  0x0000027167cd1420 JavaThread "Thread-6"                   daemon [_thread_in_native, id=38148, stack(0x000000f97aa00000,0x000000f97ab00000) (1024K)]
  0x0000027167cd2140 JavaThread "Thread-7"                   daemon [_thread_in_native, id=38152, stack(0x000000f97ab00000,0x000000f97ac00000) (1024K)]
  0x0000027167cd34f0 JavaThread "Thread-8"                   daemon [_thread_in_native, id=38308, stack(0x000000f97ac00000,0x000000f97ad00000) (1024K)]
  0x0000027167cd4f30 JavaThread "Thread-9"                   daemon [_thread_in_native, id=38312, stack(0x000000f97ad00000,0x000000f97ae00000) (1024K)]
  0x0000027167cd27d0 JavaThread "Thread-10"                  daemon [_thread_in_native, id=38320, stack(0x000000f97ae00000,0x000000f97af00000) (1024K)]
  0x0000027167cd55c0 JavaThread "Thread-11"                  daemon [_thread_in_native, id=38316, stack(0x000000f97af00000,0x000000f97b000000) (1024K)]
  0x0000027167cd5c50 JavaThread "Thread-12"                  daemon [_thread_in_native, id=38324, stack(0x000000f97b000000,0x000000f97b100000) (1024K)]
  0x0000027167cd62e0 JavaThread "Thread-13"                  daemon [_thread_in_native, id=38328, stack(0x000000f97b100000,0x000000f97b200000) (1024K)]
  0x0000027167cd2e60 JavaThread "Thread-14"                  daemon [_thread_in_native, id=38332, stack(0x000000f97b200000,0x000000f97b300000) (1024K)]
  0x0000027167cd6970 JavaThread "Thread-15"                  daemon [_thread_in_native, id=38340, stack(0x000000f97b300000,0x000000f97b400000) (1024K)]
  0x0000027167cd7000 JavaThread "Thread-16"                  daemon [_thread_in_native, id=38336, stack(0x000000f97b400000,0x000000f97b500000) (1024K)]
  0x0000027167cd7690 JavaThread "Thread-17"                  daemon [_thread_in_native, id=38344, stack(0x000000f97b500000,0x000000f97b600000) (1024K)]
  0x0000027167cd4210 JavaThread "Thread-18"                  daemon [_thread_in_native, id=38348, stack(0x000000f97b600000,0x000000f97b700000) (1024K)]
  0x0000027167cd7d20 JavaThread "Thread-19"                  daemon [_thread_in_native, id=38352, stack(0x000000f97b700000,0x000000f97b800000) (1024K)]
  0x0000027167cd48a0 JavaThread "Thread-20"                  daemon [_thread_in_native, id=38356, stack(0x000000f97b800000,0x000000f97b900000) (1024K)]
  0x0000027167cd83b0 JavaThread "Thread-21"                  daemon [_thread_in_native, id=38360, stack(0x000000f97b900000,0x000000f97ba00000) (1024K)]
  0x0000027167cd8a40 JavaThread "Thread-22"                  daemon [_thread_in_native, id=38364, stack(0x000000f97ba00000,0x000000f97bb00000) (1024K)]
  0x0000027167b69150 JavaThread "Thread-23"                  daemon [_thread_in_native, id=38368, stack(0x000000f97bb00000,0x000000f97bc00000) (1024K)]
  0x0000027167b68430 JavaThread "Thread-24"                  daemon [_thread_in_native, id=38376, stack(0x000000f97bc00000,0x000000f97bd00000) (1024K)]
  0x0000027167b697e0 JavaThread "Thread-25"                  daemon [_thread_in_native, id=38372, stack(0x000000f97bd00000,0x000000f97be00000) (1024K)]
  0x0000027167b68ac0 JavaThread "pool-2-thread-1"                   [_thread_blocked, id=38380, stack(0x000000f97be00000,0x000000f97bf00000) (1024K)]
  0x0000027167b69e70 JavaThread "Worker-4"                          [_thread_blocked, id=37200, stack(0x000000f97c100000,0x000000f97c200000) (1024K)]
  0x0000027167b6a500 JavaThread "ForkJoinPool.commonPool-worker-1" daemon [_thread_blocked, id=6616, stack(0x000000f97c200000,0x000000f97c300000) (1024K)]
  0x0000027167b6ab90 JavaThread "ForkJoinPool.commonPool-worker-2" daemon [_thread_in_Java, id=13372, stack(0x000000f97c300000,0x000000f97c400000) (1024K)]
  0x0000027167b67710 JavaThread "ForkJoinPool.commonPool-worker-3" daemon [_thread_blocked, id=7636, stack(0x000000f97c400000,0x000000f97c500000) (1024K)]
  0x0000027167b6b220 JavaThread "ForkJoinPool.commonPool-worker-4" daemon [_thread_blocked, id=25072, stack(0x000000f97c500000,0x000000f97c600000) (1024K)]
  0x0000027167b67da0 JavaThread "ForkJoinPool.commonPool-worker-5" daemon [_thread_blocked, id=36908, stack(0x000000f97c600000,0x000000f97c700000) (1024K)]
  0x0000027167b6cc60 JavaThread "ForkJoinPool.commonPool-worker-6" daemon [_thread_blocked, id=15504, stack(0x000000f97c700000,0x000000f97c800000) (1024K)]
  0x0000027167b6e010 JavaThread "ForkJoinPool.commonPool-worker-7" daemon [_thread_blocked, id=34308, stack(0x000000f97c800000,0x000000f97c900000) (1024K)]
  0x0000027167b6bf40 JavaThread "ForkJoinPool.commonPool-worker-8" daemon [_thread_blocked, id=34848, stack(0x000000f97c900000,0x000000f97ca00000) (1024K)]
  0x0000027167b6e6a0 JavaThread "ForkJoinPool.commonPool-worker-9" daemon [_thread_blocked, id=37704, stack(0x000000f97ca00000,0x000000f97cb00000) (1024K)]
  0x0000027167b6b8b0 JavaThread "ForkJoinPool.commonPool-worker-10" daemon [_thread_blocked, id=37140, stack(0x000000f97cb00000,0x000000f97cc00000) (1024K)]
  0x0000027167b6c5d0 JavaThread "ForkJoinPool.commonPool-worker-11" daemon [_thread_blocked, id=35180, stack(0x000000f97cc00000,0x000000f97cd00000) (1024K)]
  0x0000027167b6d2f0 JavaThread "ForkJoinPool.commonPool-worker-12" daemon [_thread_blocked, id=37720, stack(0x000000f97cd00000,0x000000f97ce00000) (1024K)]
  0x0000027167b6d980 JavaThread "ForkJoinPool.commonPool-worker-13" daemon [_thread_blocked, id=29348, stack(0x000000f97ce00000,0x000000f97cf00000) (1024K)]
  0x00000271694a53b0 JavaThread "ForkJoinPool.commonPool-worker-14" daemon [_thread_blocked, id=37636, stack(0x000000f97cf00000,0x000000f97d000000) (1024K)]
  0x00000271694a5a40 JavaThread "ForkJoinPool.commonPool-worker-15" daemon [_thread_blocked, id=34880, stack(0x000000f97d000000,0x000000f97d100000) (1024K)]
  0x00000271694a60d0 JavaThread "ForkJoinPool.commonPool-worker-16" daemon [_thread_blocked, id=4820, stack(0x000000f97d100000,0x000000f97d200000) (1024K)]
  0x00000271694a4d20 JavaThread "ForkJoinPool.commonPool-worker-17" daemon [_thread_blocked, id=7284, stack(0x000000f97d200000,0x000000f97d300000) (1024K)]
  0x00000271694a6760 JavaThread "ForkJoinPool.commonPool-worker-18" daemon [_thread_blocked, id=23196, stack(0x000000f97d300000,0x000000f97d400000) (1024K)]
  0x00000271694a4000 JavaThread "ForkJoinPool.commonPool-worker-19" daemon [_thread_blocked, id=37148, stack(0x000000f97d400000,0x000000f97d500000) (1024K)]
  0x00000271694a6df0 JavaThread "ForkJoinPool.commonPool-worker-20" daemon [_thread_blocked, id=11824, stack(0x000000f97d500000,0x000000f97d600000) (1024K)]
  0x00000271694a3970 JavaThread "ForkJoinPool.commonPool-worker-21" daemon [_thread_blocked, id=37728, stack(0x000000f97d600000,0x000000f97d700000) (1024K)]
  0x00000271694a4690 JavaThread "ForkJoinPool.commonPool-worker-22" daemon [_thread_blocked, id=37324, stack(0x000000f97d700000,0x000000f97d800000) (1024K)]
  0x00000271694a9550 JavaThread "ForkJoinPool.commonPool-worker-23" daemon [_thread_blocked, id=37224, stack(0x000000f97d800000,0x000000f97d900000) (1024K)]
  0x00000271694aa270 JavaThread "WorkspaceEventsHandler"            [_thread_blocked, id=37264, stack(0x000000f97d900000,0x000000f97da00000) (1024K)]
  0x00000271694a8830 JavaThread "pool-1-thread-1"                   [_thread_blocked, id=22996, stack(0x000000f97da00000,0x000000f97db00000) (1024K)]
  0x00000271694a7b10 JavaThread "Keep-Alive-Timer"           daemon [_thread_blocked, id=11720, stack(0x000000f97db00000,0x000000f97dc00000) (1024K)]
  0x00000271666ec7c0 JavaThread "C2 CompilerThread1"         daemon [_thread_blocked, id=38436, stack(0x000000f976200000,0x000000f976300000) (1024K)]
=>0x0000027165761440 JavaThread "C2 CompilerThread2"         daemon [_thread_in_native, id=37088, stack(0x000000f978e00000,0x000000f978f00000) (1024K)]
  0x00000271657628b0 JavaThread "C2 CompilerThread3"         daemon [_thread_in_native, id=37432, stack(0x000000f978f00000,0x000000f979000000) (1024K)]
  0x0000027165760d70 JavaThread "C2 CompilerThread4"         daemon [_thread_blocked, id=7932, stack(0x000000f979d00000,0x000000f979e00000) (1024K)]
  0x0000027165761b10 JavaThread "C2 CompilerThread5"         daemon [_thread_in_native, id=38204, stack(0x000000f979e00000,0x000000f979f00000) (1024K)]
Total: 109

Other Threads:
  0x000002715dad9990 VMThread "VM Thread"                           [id=28792, stack(0x000000f975800000,0x000000f975900000) (1024K)]
  0x000002711b42ca00 WatcherThread "VM Periodic Task Thread"        [id=37592, stack(0x000000f975700000,0x000000f975800000) (1024K)]
  0x00000271043ba390 WorkerThread "GC Thread#0"                     [id=37624, stack(0x000000f975600000,0x000000f975700000) (1024K)]
  0x0000027165376ee0 WorkerThread "GC Thread#1"                     [id=35048, stack(0x000000f976900000,0x000000f976a00000) (1024K)]
  0x0000027165186ba0 WorkerThread "GC Thread#2"                     [id=36972, stack(0x000000f976a00000,0x000000f976b00000) (1024K)]
  0x00000271653cd9d0 WorkerThread "GC Thread#3"                     [id=20976, stack(0x000000f976b00000,0x000000f976c00000) (1024K)]
  0x0000027165377280 WorkerThread "GC Thread#4"                     [id=33124, stack(0x000000f976c00000,0x000000f976d00000) (1024K)]
  0x0000027165377620 WorkerThread "GC Thread#5"                     [id=37236, stack(0x000000f976d00000,0x000000f976e00000) (1024K)]
  0x00000271609a8bd0 WorkerThread "GC Thread#6"                     [id=35412, stack(0x000000f976e00000,0x000000f976f00000) (1024K)]
  0x00000271651d39b0 WorkerThread "GC Thread#7"                     [id=37056, stack(0x000000f977600000,0x000000f977700000) (1024K)]
  0x00000271657ccd50 WorkerThread "GC Thread#8"                     [id=37984, stack(0x000000f979000000,0x000000f979100000) (1024K)]
  0x00000271657cc270 WorkerThread "GC Thread#9"                     [id=38036, stack(0x000000f976500000,0x000000f976600000) (1024K)]
  0x00000271657cc9b0 WorkerThread "GC Thread#10"                    [id=37972, stack(0x000000f976700000,0x000000f976800000) (1024K)]
  0x00000271657cd830 WorkerThread "GC Thread#11"                    [id=35080, stack(0x000000f979100000,0x000000f979200000) (1024K)]
  0x00000271657cdbd0 WorkerThread "GC Thread#12"                    [id=17348, stack(0x000000f979200000,0x000000f979300000) (1024K)]
  0x00000271657cd490 WorkerThread "GC Thread#13"                    [id=37284, stack(0x000000f979500000,0x000000f979600000) (1024K)]
  0x00000271668bec60 WorkerThread "GC Thread#14"                    [id=37804, stack(0x000000f979600000,0x000000f979700000) (1024K)]
  0x00000271668bcf60 WorkerThread "GC Thread#15"                    [id=37360, stack(0x000000f979900000,0x000000f979a00000) (1024K)]
  0x00000271668bf740 WorkerThread "GC Thread#16"                    [id=38076, stack(0x000000f979a00000,0x000000f979b00000) (1024K)]
  0x00000271668bfae0 WorkerThread "GC Thread#17"                    [id=38192, stack(0x000000f979b00000,0x000000f979c00000) (1024K)]
Total: 20

Threads with active compile tasks:
C2 CompilerThread2  15433 10164       4       org.eclipse.jdt.internal.core.JarPackageFragmentRoot::initRawPackageInfo (292 bytes)
C2 CompilerThread3  15433 10377       4       java.util.ImmutableCollections::listCopy (54 bytes)
Total: 2

VM state: not at safepoint (normal execution)

VM Mutex/Monitor currently owned by a thread: None

Heap address: 0x0000000080000000, size: 2048 MB, Compressed Oops mode: 32-bit

CDS archive(s) mapped at: [0x000002711c000000-0x000002711cba0000-0x000002711cba0000), size 12189696, SharedBaseAddress: 0x000002711c000000, ArchiveRelocationMode: 1.
Compressed class space mapped at: 0x000002711d000000-0x000002715d000000, reserved size: 1073741824
Narrow klass base: 0x000002711c000000, Narrow klass shift: 0, Narrow klass range: 0x100000000

GC Precious Log:
 CardTable entry size: 512
 CPUs: 24 total, 24 available
 Memory: 32671M
 Large Page Support: Disabled
 NUMA Support: Disabled
 Compressed Oops: Enabled (32-bit)
 Alignments: Space 512K, Generation 512K, Heap 2M
 Heap Min Capacity: 100M
 Heap Initial Capacity: 100M
 Heap Max Capacity: 2G
 Pre-touch: Disabled
 Parallel Workers: 18

Heap:
 PSYoungGen      total 7680K, used 6533K [0x00000000d5580000, 0x00000000d5e00000, 0x0000000100000000)
  eden space 6656K, 87% used [0x00000000d5580000,0x00000000d5b31c80,0x00000000d5c00000)
  from space 1024K, 68% used [0x00000000d5d00000,0x00000000d5daf788,0x00000000d5e00000)
  to   space 1024K, 0% used [0x00000000d5c00000,0x00000000d5c00000,0x00000000d5d00000)
 ParOldGen       total 70656K, used 68996K [0x0000000080000000, 0x0000000084500000, 0x00000000d5580000)
  object space 70656K, 97% used [0x0000000080000000,0x00000000843613a0,0x0000000084500000)
 Metaspace       used 63846K, committed 65216K, reserved 1114112K
  class space    used 6875K, committed 7488K, reserved 1048576K

Card table byte_map: [0x0000027116890000,0x0000027116ca0000] _byte_map_base: 0x0000027116490000

Marking Bits: (ParMarkBitMap*) 0x00007ffc2fdf2460
 Begin Bits: [0x0000027116f50000, 0x0000027118f50000)
 End Bits:   [0x0000027118f50000, 0x000002711af50000)

Polling page: 0x0000027102ce0000

Metaspace:

Usage:
  Non-class:     55.64 MB used.
      Class:      6.71 MB used.
       Both:     62.35 MB used.

Virtual space:
  Non-class space:       64.00 MB reserved,      56.38 MB ( 88%) committed,  1 nodes.
      Class space:        1.00 GB reserved,       7.31 MB ( <1%) committed,  1 nodes.
             Both:        1.06 GB reserved,      63.69 MB (  6%) committed. 

Chunk freelists:
   Non-Class:  7.08 MB
       Class:  8.60 MB
        Both:  15.68 MB

MaxMetaspaceSize: unlimited
CompressedClassSpaceSize: 1.00 GB
Initial GC threshold: 21.00 MB
Current GC threshold: 97.31 MB
CDS: on
 - commit_granule_bytes: 65536.
 - commit_granule_words: 8192.
 - virtual_space_node_default_size: 8388608.
 - enlarge_chunks_in_place: 1.
 - use_allocation_guard: 0.


Internal statistics:

num_allocs_failed_limit: 9.
num_arena_births: 1120.
num_arena_deaths: 14.
num_vsnodes_births: 2.
num_vsnodes_deaths: 0.
num_space_committed: 1019.
num_space_uncommitted: 0.
num_chunks_returned_to_freelist: 23.
num_chunks_taken_from_freelist: 3834.
num_chunk_merges: 10.
num_chunk_splits: 2389.
num_chunks_enlarged: 1398.
num_inconsistent_stats: 0.

CodeHeap 'non-profiled nmethods': size=119168Kb used=6673Kb max_used=6673Kb free=112494Kb
 bounds [0x000002710f250000, 0x000002710f8e0000, 0x00000271166b0000]
CodeHeap 'profiled nmethods': size=119104Kb used=20784Kb max_used=20784Kb free=98319Kb
 bounds [0x00000271076b0000, 0x0000027108b00000, 0x000002710eb00000]
CodeHeap 'non-nmethods': size=7488Kb used=3145Kb max_used=3207Kb free=4342Kb
 bounds [0x000002710eb00000, 0x000002710ee30000, 0x000002710f250000]
CodeCache: size=245760Kb, used=30602Kb, max_used=30664Kb, free=215155Kb
 total_blobs=10195, nmethods=9422, adapters=676, full_count=0
Compilation: enabled, stopped_count=0, restarted_count=0

Compilation events (20 events):
Event: 14.386 Thread 0x0000027165761b10 10312       4       org.eclipse.jdt.internal.core.util.WeakHashSet::rehash (90 bytes)
Event: 14.386 Thread 0x0000027165760d70 10313       4       java.util.ImmutableCollections$List12::size (16 bytes)
Event: 14.386 Thread 0x000002715dbd8c10 10314 % !   3       org.eclipse.jdt.internal.core.util.DeduplicationUtil::intern @ 86 (149 bytes)
Event: 14.386 Thread 0x0000027165760d70 nmethod 10313 0x000002710f8c4a90 code [0x000002710f8c4c20, 0x000002710f8c4cc0]
Event: 14.388 Thread 0x000002715dbd8c10 nmethod 10314% 0x0000027108acc490 code [0x0000027108acc7e0, 0x0000027108acded8]
Event: 14.389 Thread 0x0000027160356690 10315       3       org.eclipse.jdt.internal.compiler.classfmt.FieldInfo::createField (450 bytes)
Event: 14.390 Thread 0x0000027160356690 nmethod 10315 0x0000027108ace690 code [0x0000027108acea40, 0x0000027108ad09d0]
Event: 14.391 Thread 0x0000027165b0b120 10316       3       org.eclipse.jdt.internal.compiler.parser.Scanner::internalScanIdentifierOrKeyword (5041 bytes)
Event: 14.391 Thread 0x000002715daeaeb0 10317   !   3       org.eclipse.jdt.internal.core.util.DeduplicationUtil::intern (149 bytes)
Event: 14.392 Thread 0x000002715daeaeb0 nmethod 10317 0x0000027108ad1590 code [0x0000027108ad18c0, 0x0000027108ad2eb8]
Event: 14.393 Thread 0x000002715daf4da0 nmethod 10306 0x000002710f8c4d90 code [0x000002710f8c4f80, 0x000002710f8c5a50]
Event: 14.394 Thread 0x0000027160356690 10318   !   3       java.net.URI::create (23 bytes)
Event: 14.394 Thread 0x0000027160356690 nmethod 10318 0x0000027108ad3610 code [0x0000027108ad3800, 0x0000027108ad3d20]
Event: 14.401 Thread 0x000002715daf4da0 10319       4       org.eclipse.jdt.core.JavaConventions::validateIdentifier (33 bytes)
Event: 14.403 Thread 0x0000027160356690 10320       3       java.lang.Runtime::getRuntime (4 bytes)
Event: 14.403 Thread 0x00000271666ec7c0 10321       4       org.apache.maven.model.Dependency::setLocation (390 bytes)
Event: 14.404 Thread 0x000002715dbd8c10 10322       3       org.apache.maven.model.merge.MavenModelMerger::mergePlugin_Executions (235 bytes)
Event: 14.404 Thread 0x000002715daeaeb0 10323       3       org.eclipse.jdt.internal.core.JavaModelCache::getExistingElement (101 bytes)
Event: 14.474 Thread 0x0000027165760d70 10337       4       java.lang.CharacterDataLatin1::isJavaIdentifierPart (20 bytes)
Event: 14.527 Thread 0x00000271657628b0 10343       4       java.lang.String::indexOf (18 bytes)

GC Heap History (20 events):
Event: 14.349 GC heap before
{Heap before GC invocations=100 (full 3):
 PSYoungGen      total 7680K, used 7294K [0x00000000d5580000, 0x00000000d5e00000, 0x0000000100000000)
  eden space 6656K, 100% used [0x00000000d5580000,0x00000000d5c00000,0x00000000d5c00000)
  from space 1024K, 62% used [0x00000000d5d00000,0x00000000d5d9f970,0x00000000d5e00000)
  to   space 1024K, 0% used [0x00000000d5c00000,0x00000000d5c00000,0x00000000d5d00000)
 ParOldGen       total 70656K, used 65599K [0x0000000080000000, 0x0000000084500000, 0x00000000d5580000)
  object space 70656K, 92% used [0x0000000080000000,0x000000008400feb8,0x0000000084500000)
 Metaspace       used 63805K, committed 65216K, reserved 1114112K
  class space    used 6873K, committed 7488K, reserved 1048576K
}
Event: 14.349 GC heap after
{Heap after GC invocations=100 (full 3):
 PSYoungGen      total 7680K, used 637K [0x00000000d5580000, 0x00000000d5e00000, 0x0000000100000000)
  eden space 6656K, 0% used [0x00000000d5580000,0x00000000d5580000,0x00000000d5c00000)
  from space 1024K, 62% used [0x00000000d5c00000,0x00000000d5c9f408,0x00000000d5d00000)
  to   space 1024K, 0% used [0x00000000d5d00000,0x00000000d5d00000,0x00000000d5e00000)
 ParOldGen       total 70656K, used 65765K [0x0000000080000000, 0x0000000084500000, 0x00000000d5580000)
  object space 70656K, 93% used [0x0000000080000000,0x0000000084039498,0x0000000084500000)
 Metaspace       used 63805K, committed 65216K, reserved 1114112K
  class space    used 6873K, committed 7488K, reserved 1048576K
}
Event: 14.358 GC heap before
{Heap before GC invocations=101 (full 3):
 PSYoungGen      total 7680K, used 7293K [0x00000000d5580000, 0x00000000d5e00000, 0x0000000100000000)
  eden space 6656K, 100% used [0x00000000d5580000,0x00000000d5c00000,0x00000000d5c00000)
  from space 1024K, 62% used [0x00000000d5c00000,0x00000000d5c9f408,0x00000000d5d00000)
  to   space 1024K, 0% used [0x00000000d5d00000,0x00000000d5d00000,0x00000000d5e00000)
 ParOldGen       total 70656K, used 65765K [0x0000000080000000, 0x0000000084500000, 0x00000000d5580000)
  object space 70656K, 93% used [0x0000000080000000,0x0000000084039498,0x0000000084500000)
 Metaspace       used 63805K, committed 65216K, reserved 1114112K
  class space    used 6873K, committed 7488K, reserved 1048576K
}
Event: 14.358 GC heap after
{Heap after GC invocations=101 (full 3):
 PSYoungGen      total 7680K, used 576K [0x00000000d5580000, 0x00000000d5e00000, 0x0000000100000000)
  eden space 6656K, 0% used [0x00000000d5580000,0x00000000d5580000,0x00000000d5c00000)
  from space 1024K, 56% used [0x00000000d5d00000,0x00000000d5d90000,0x00000000d5e00000)
  to   space 1024K, 0% used [0x00000000d5c00000,0x00000000d5c00000,0x00000000d5d00000)
 ParOldGen       total 70656K, used 65993K [0x0000000080000000, 0x0000000084500000, 0x00000000d5580000)
  object space 70656K, 93% used [0x0000000080000000,0x0000000084072560,0x0000000084500000)
 Metaspace       used 63805K, committed 65216K, reserved 1114112K
  class space    used 6873K, committed 7488K, reserved 1048576K
}
Event: 14.364 GC heap before
{Heap before GC invocations=102 (full 3):
 PSYoungGen      total 7680K, used 7232K [0x00000000d5580000, 0x00000000d5e00000, 0x0000000100000000)
  eden space 6656K, 100% used [0x00000000d5580000,0x00000000d5c00000,0x00000000d5c00000)
  from space 1024K, 56% used [0x00000000d5d00000,0x00000000d5d90000,0x00000000d5e00000)
  to   space 1024K, 0% used [0x00000000d5c00000,0x00000000d5c00000,0x00000000d5d00000)
 ParOldGen       total 70656K, used 65993K [0x0000000080000000, 0x0000000084500000, 0x00000000d5580000)
  object space 70656K, 93% used [0x0000000080000000,0x0000000084072560,0x0000000084500000)
 Metaspace       used 63806K, committed 65216K, reserved 1114112K
  class space    used 6873K, committed 7488K, reserved 1048576K
}
Event: 14.364 GC heap after
{Heap after GC invocations=102 (full 3):
 PSYoungGen      total 7680K, used 634K [0x00000000d5580000, 0x00000000d5e00000, 0x0000000100000000)
  eden space 6656K, 0% used [0x00000000d5580000,0x00000000d5580000,0x00000000d5c00000)
  from space 1024K, 61% used [0x00000000d5c00000,0x00000000d5c9ea50,0x00000000d5d00000)
  to   space 1024K, 0% used [0x00000000d5d00000,0x00000000d5d00000,0x00000000d5e00000)
 ParOldGen       total 70656K, used 66139K [0x0000000080000000, 0x0000000084500000, 0x00000000d5580000)
  object space 70656K, 93% used [0x0000000080000000,0x0000000084096c68,0x0000000084500000)
 Metaspace       used 63806K, committed 65216K, reserved 1114112K
  class space    used 6873K, committed 7488K, reserved 1048576K
}
Event: 14.371 GC heap before
{Heap before GC invocations=103 (full 3):
 PSYoungGen      total 7680K, used 7290K [0x00000000d5580000, 0x00000000d5e00000, 0x0000000100000000)
  eden space 6656K, 100% used [0x00000000d5580000,0x00000000d5c00000,0x00000000d5c00000)
  from space 1024K, 61% used [0x00000000d5c00000,0x00000000d5c9ea50,0x00000000d5d00000)
  to   space 1024K, 0% used [0x00000000d5d00000,0x00000000d5d00000,0x00000000d5e00000)
 ParOldGen       total 70656K, used 66139K [0x0000000080000000, 0x0000000084500000, 0x00000000d5580000)
  object space 70656K, 93% used [0x0000000080000000,0x0000000084096c68,0x0000000084500000)
 Metaspace       used 63811K, committed 65216K, reserved 1114112K
  class space    used 6873K, committed 7488K, reserved 1048576K
}
Event: 14.372 GC heap after
{Heap after GC invocations=103 (full 3):
 PSYoungGen      total 7680K, used 732K [0x00000000d5580000, 0x00000000d5e00000, 0x0000000100000000)
  eden space 6656K, 0% used [0x00000000d5580000,0x00000000d5580000,0x00000000d5c00000)
  from space 1024K, 71% used [0x00000000d5d00000,0x00000000d5db7190,0x00000000d5e00000)
  to   space 1024K, 0% used [0x00000000d5c00000,0x00000000d5c00000,0x00000000d5d00000)
 ParOldGen       total 70656K, used 66284K [0x0000000080000000, 0x0000000084500000, 0x00000000d5580000)
  object space 70656K, 93% used [0x0000000080000000,0x00000000840bb388,0x0000000084500000)
 Metaspace       used 63811K, committed 65216K, reserved 1114112K
  class space    used 6873K, committed 7488K, reserved 1048576K
}
Event: 14.376 GC heap before
{Heap before GC invocations=104 (full 3):
 PSYoungGen      total 7680K, used 7388K [0x00000000d5580000, 0x00000000d5e00000, 0x0000000100000000)
  eden space 6656K, 100% used [0x00000000d5580000,0x00000000d5c00000,0x00000000d5c00000)
  from space 1024K, 71% used [0x00000000d5d00000,0x00000000d5db7190,0x00000000d5e00000)
  to   space 1024K, 0% used [0x00000000d5c00000,0x00000000d5c00000,0x00000000d5d00000)
 ParOldGen       total 70656K, used 66284K [0x0000000080000000, 0x0000000084500000, 0x00000000d5580000)
  object space 70656K, 93% used [0x0000000080000000,0x00000000840bb388,0x0000000084500000)
 Metaspace       used 63811K, committed 65216K, reserved 1114112K
  class space    used 6873K, committed 7488K, reserved 1048576K
}
Event: 14.377 GC heap after
{Heap after GC invocations=104 (full 3):
 PSYoungGen      total 7680K, used 576K [0x00000000d5580000, 0x00000000d5e00000, 0x0000000100000000)
  eden space 6656K, 0% used [0x00000000d5580000,0x00000000d5580000,0x00000000d5c00000)
  from space 1024K, 56% used [0x00000000d5c00000,0x00000000d5c90000,0x00000000d5d00000)
  to   space 1024K, 0% used [0x00000000d5d00000,0x00000000d5d00000,0x00000000d5e00000)
 ParOldGen       total 70656K, used 66657K [0x0000000080000000, 0x0000000084500000, 0x00000000d5580000)
  object space 70656K, 94% used [0x0000000080000000,0x0000000084118660,0x0000000084500000)
 Metaspace       used 63811K, committed 65216K, reserved 1114112K
  class space    used 6873K, committed 7488K, reserved 1048576K
}
Event: 14.382 GC heap before
{Heap before GC invocations=105 (full 3):
 PSYoungGen      total 7680K, used 7232K [0x00000000d5580000, 0x00000000d5e00000, 0x0000000100000000)
  eden space 6656K, 100% used [0x00000000d5580000,0x00000000d5c00000,0x00000000d5c00000)
  from space 1024K, 56% used [0x00000000d5c00000,0x00000000d5c90000,0x00000000d5d00000)
  to   space 1024K, 0% used [0x00000000d5d00000,0x00000000d5d00000,0x00000000d5e00000)
 ParOldGen       total 70656K, used 66657K [0x0000000080000000, 0x0000000084500000, 0x00000000d5580000)
  object space 70656K, 94% used [0x0000000080000000,0x0000000084118660,0x0000000084500000)
 Metaspace       used 63811K, committed 65216K, reserved 1114112K
  class space    used 6873K, committed 7488K, reserved 1048576K
}
Event: 14.383 GC heap after
{Heap after GC invocations=105 (full 3):
 PSYoungGen      total 7680K, used 671K [0x00000000d5580000, 0x00000000d5e00000, 0x0000000100000000)
  eden space 6656K, 0% used [0x00000000d5580000,0x00000000d5580000,0x00000000d5c00000)
  from space 1024K, 65% used [0x00000000d5d00000,0x00000000d5da7c78,0x00000000d5e00000)
  to   space 1024K, 0% used [0x00000000d5c00000,0x00000000d5c00000,0x00000000d5d00000)
 ParOldGen       total 70656K, used 66905K [0x0000000080000000, 0x0000000084500000, 0x00000000d5580000)
  object space 70656K, 94% used [0x0000000080000000,0x0000000084156660,0x0000000084500000)
 Metaspace       used 63811K, committed 65216K, reserved 1114112K
  class space    used 6873K, committed 7488K, reserved 1048576K
}
Event: 14.387 GC heap before
{Heap before GC invocations=106 (full 3):
 PSYoungGen      total 7680K, used 7327K [0x00000000d5580000, 0x00000000d5e00000, 0x0000000100000000)
  eden space 6656K, 100% used [0x00000000d5580000,0x00000000d5c00000,0x00000000d5c00000)
  from space 1024K, 65% used [0x00000000d5d00000,0x00000000d5da7c78,0x00000000d5e00000)
  to   space 1024K, 0% used [0x00000000d5c00000,0x00000000d5c00000,0x00000000d5d00000)
 ParOldGen       total 70656K, used 66905K [0x0000000080000000, 0x0000000084500000, 0x00000000d5580000)
  object space 70656K, 94% used [0x0000000080000000,0x0000000084156660,0x0000000084500000)
 Metaspace       used 63816K, committed 65216K, reserved 1114112K
  class space    used 6873K, committed 7488K, reserved 1048576K
}
Event: 14.388 GC heap after
{Heap after GC invocations=106 (full 3):
 PSYoungGen      total 7680K, used 625K [0x00000000d5580000, 0x00000000d5e00000, 0x0000000100000000)
  eden space 6656K, 0% used [0x00000000d5580000,0x00000000d5580000,0x00000000d5c00000)
  from space 1024K, 61% used [0x00000000d5c00000,0x00000000d5c9c400,0x00000000d5d00000)
  to   space 1024K, 0% used [0x00000000d5d00000,0x00000000d5d00000,0x00000000d5e00000)
 ParOldGen       total 70656K, used 67194K [0x0000000080000000, 0x0000000084500000, 0x00000000d5580000)
  object space 70656K, 95% used [0x0000000080000000,0x000000008419ebd0,0x0000000084500000)
 Metaspace       used 63816K, committed 65216K, reserved 1114112K
  class space    used 6873K, committed 7488K, reserved 1048576K
}
Event: 14.395 GC heap before
{Heap before GC invocations=107 (full 3):
 PSYoungGen      total 7680K, used 7281K [0x00000000d5580000, 0x00000000d5e00000, 0x0000000100000000)
  eden space 6656K, 100% used [0x00000000d5580000,0x00000000d5c00000,0x00000000d5c00000)
  from space 1024K, 61% used [0x00000000d5c00000,0x00000000d5c9c400,0x00000000d5d00000)
  to   space 1024K, 0% used [0x00000000d5d00000,0x00000000d5d00000,0x00000000d5e00000)
 ParOldGen       total 70656K, used 67194K [0x0000000080000000, 0x0000000084500000, 0x00000000d5580000)
  object space 70656K, 95% used [0x0000000080000000,0x000000008419ebd0,0x0000000084500000)
 Metaspace       used 63820K, committed 65216K, reserved 1114112K
  class space    used 6873K, committed 7488K, reserved 1048576K
}
Event: 14.395 GC heap after
{Heap after GC invocations=107 (full 3):
 PSYoungGen      total 7680K, used 764K [0x00000000d5580000, 0x00000000d5e00000, 0x0000000100000000)
  eden space 6656K, 0% used [0x00000000d5580000,0x00000000d5580000,0x00000000d5c00000)
  from space 1024K, 74% used [0x00000000d5d00000,0x00000000d5dbf3e8,0x00000000d5e00000)
  to   space 1024K, 0% used [0x00000000d5c00000,0x00000000d5c00000,0x00000000d5d00000)
 ParOldGen       total 70656K, used 67405K [0x0000000080000000, 0x0000000084500000, 0x00000000d5580000)
  object space 70656K, 95% used [0x0000000080000000,0x00000000841d3438,0x0000000084500000)
 Metaspace       used 63820K, committed 65216K, reserved 1114112K
  class space    used 6873K, committed 7488K, reserved 1048576K
}
Event: 14.399 GC heap before
{Heap before GC invocations=108 (full 3):
 PSYoungGen      total 7680K, used 7420K [0x00000000d5580000, 0x00000000d5e00000, 0x0000000100000000)
  eden space 6656K, 100% used [0x00000000d5580000,0x00000000d5c00000,0x00000000d5c00000)
  from space 1024K, 74% used [0x00000000d5d00000,0x00000000d5dbf3e8,0x00000000d5e00000)
  to   space 1024K, 0% used [0x00000000d5c00000,0x00000000d5c00000,0x00000000d5d00000)
 ParOldGen       total 70656K, used 67405K [0x0000000080000000, 0x0000000084500000, 0x00000000d5580000)
  object space 70656K, 95% used [0x0000000080000000,0x00000000841d3438,0x0000000084500000)
 Metaspace       used 63820K, committed 65216K, reserved 1114112K
  class space    used 6873K, committed 7488K, reserved 1048576K
}
Event: 14.399 GC heap after
{Heap after GC invocations=108 (full 3):
 PSYoungGen      total 7680K, used 576K [0x00000000d5580000, 0x00000000d5e00000, 0x0000000100000000)
  eden space 6656K, 0% used [0x00000000d5580000,0x00000000d5580000,0x00000000d5c00000)
  from space 1024K, 56% used [0x00000000d5c00000,0x00000000d5c90000,0x00000000d5d00000)
  to   space 1024K, 0% used [0x00000000d5d00000,0x00000000d5d00000,0x00000000d5e00000)
 ParOldGen       total 70656K, used 67758K [0x0000000080000000, 0x0000000084500000, 0x00000000d5580000)
  object space 70656K, 95% used [0x0000000080000000,0x000000008422b890,0x0000000084500000)
 Metaspace       used 63820K, committed 65216K, reserved 1114112K
  class space    used 6873K, committed 7488K, reserved 1048576K
}
Event: 14.402 GC heap before
{Heap before GC invocations=109 (full 3):
 PSYoungGen      total 7680K, used 7232K [0x00000000d5580000, 0x00000000d5e00000, 0x0000000100000000)
  eden space 6656K, 100% used [0x00000000d5580000,0x00000000d5c00000,0x00000000d5c00000)
  from space 1024K, 56% used [0x00000000d5c00000,0x00000000d5c90000,0x00000000d5d00000)
  to   space 1024K, 0% used [0x00000000d5d00000,0x00000000d5d00000,0x00000000d5e00000)
 ParOldGen       total 70656K, used 67758K [0x0000000080000000, 0x0000000084500000, 0x00000000d5580000)
  object space 70656K, 95% used [0x0000000080000000,0x000000008422b890,0x0000000084500000)
 Metaspace       used 63820K, committed 65216K, reserved 1114112K
  class space    used 6873K, committed 7488K, reserved 1048576K
}
Event: 14.403 GC heap after
{Heap after GC invocations=109 (full 3):
 PSYoungGen      total 7680K, used 576K [0x00000000d5580000, 0x00000000d5e00000, 0x0000000100000000)
  eden space 6656K, 0% used [0x00000000d5580000,0x00000000d5580000,0x00000000d5c00000)
  from space 1024K, 56% used [0x00000000d5d00000,0x00000000d5d90000,0x00000000d5e00000)
  to   space 1024K, 0% used [0x00000000d5c00000,0x00000000d5c00000,0x00000000d5d00000)
 ParOldGen       total 70656K, used 67958K [0x0000000080000000, 0x0000000084500000, 0x00000000d5580000)
  object space 70656K, 96% used [0x0000000080000000,0x000000008425d890,0x0000000084500000)
 Metaspace       used 63820K, committed 65216K, reserved 1114112K
  class space    used 6873K, committed 7488K, reserved 1048576K
}

Dll operation events (12 events):
Event: 0.008 Loaded shared library c:\Users\Danie\.cursor\extensions\redhat.java-1.51.0-win32-x64\jre\21.0.9-win32-x86_64\bin\java.dll
Event: 0.052 Loaded shared library c:\Users\Danie\.cursor\extensions\redhat.java-1.51.0-win32-x64\jre\21.0.9-win32-x86_64\bin\zip.dll
Event: 0.071 Loaded shared library C:\Users\Danie\.cursor\extensions\redhat.java-1.51.0-win32-x64\jre\21.0.9-win32-x86_64\bin\instrument.dll
Event: 0.076 Loaded shared library C:\Users\Danie\.cursor\extensions\redhat.java-1.51.0-win32-x64\jre\21.0.9-win32-x86_64\bin\net.dll
Event: 0.078 Loaded shared library C:\Users\Danie\.cursor\extensions\redhat.java-1.51.0-win32-x64\jre\21.0.9-win32-x86_64\bin\nio.dll
Event: 0.081 Loaded shared library C:\Users\Danie\.cursor\extensions\redhat.java-1.51.0-win32-x64\jre\21.0.9-win32-x86_64\bin\zip.dll
Event: 0.096 Loaded shared library C:\Users\Danie\.cursor\extensions\redhat.java-1.51.0-win32-x64\jre\21.0.9-win32-x86_64\bin\jimage.dll
Event: 0.165 Loaded shared library c:\Users\Danie\.cursor\extensions\redhat.java-1.51.0-win32-x64\jre\21.0.9-win32-x86_64\bin\verify.dll
Event: 1.374 Loaded shared library C:\Users\Danie\AppData\Roaming\Cursor\User\globalStorage\redhat.java\1.51.0\config_win\org.eclipse.equinox.launcher\org.eclipse.equinox.launcher.win32.win32.x86_64_1.2.1400.v20250801-0854\eclipse_11916.dll
Event: 6.419 Loaded shared library C:\Users\Danie\AppData\Local\Temp\jna-2039744959\jna14755109301236344507.dll
Event: 7.728 Loaded shared library C:\Users\Danie\.cursor\extensions\redhat.java-1.51.0-win32-x64\jre\21.0.9-win32-x86_64\bin\sunmscapi.dll
Event: 7.799 Loaded shared library C:\Users\Danie\.cursor\extensions\redhat.java-1.51.0-win32-x64\jre\21.0.9-win32-x86_64\bin\extnet.dll

Deoptimization events (20 events):
Event: 14.331 Thread 0x0000027167b6ab90 Uncommon trap: reason=unstable_if action=reinterpret pc=0x000002710f8ae5e8 method=java.util.ImmutableCollections$AbstractImmutableList.equals(Ljava/lang/Object;)Z @ 80 c2
Event: 14.331 Thread 0x0000027167b6ab90 DEOPT PACKING pc=0x000002710f8ae5e8 sp=0x000000f97c3fe0b0
Event: 14.331 Thread 0x0000027167b6ab90 DEOPT UNPACKING pc=0x000002710eb53aa2 sp=0x000000f97c3fe048 mode 2
Event: 14.352 Thread 0x0000027165d3afc0 Uncommon trap: trap_request=0xffffff45 fr.pc=0x000002710f88289c relative=0x00000000000009bc
Event: 14.352 Thread 0x0000027165d3afc0 Uncommon trap: reason=unstable_if action=reinterpret pc=0x000002710f88289c method=java.util.ArrayList.equalsRange(Ljava/util/List;II)Z @ 76 c2
Event: 14.352 Thread 0x0000027165d3afc0 DEOPT PACKING pc=0x000002710f88289c sp=0x000000f97a4fe210
Event: 14.352 Thread 0x0000027165d3afc0 DEOPT UNPACKING pc=0x000002710eb53aa2 sp=0x000000f97a4fe1a0 mode 2
Event: 14.379 Thread 0x0000027165d3afc0 Uncommon trap: trap_request=0xfffffff4 fr.pc=0x000002710f8c08cc relative=0x00000000000035cc
Event: 14.379 Thread 0x0000027165d3afc0 Uncommon trap: reason=null_check action=make_not_entrant pc=0x000002710f8c08cc method=java.util.ArrayList.equals(Ljava/lang/Object;)Z @ 8 c2
Event: 14.379 Thread 0x0000027165d3afc0 DEOPT PACKING pc=0x000002710f8c08cc sp=0x000000f97a4fe260
Event: 14.379 Thread 0x0000027165d3afc0 DEOPT UNPACKING pc=0x000002710eb53aa2 sp=0x000000f97a4fe138 mode 2
Event: 14.384 Thread 0x0000027165d36e20 Uncommon trap: trap_request=0xffffff45 fr.pc=0x000002710f83f6d8 relative=0x00000000000001f8
Event: 14.384 Thread 0x0000027165d36e20 Uncommon trap: reason=unstable_if action=reinterpret pc=0x000002710f83f6d8 method=java.lang.String.indexOf(Ljava/lang/String;)I @ 10 c2
Event: 14.384 Thread 0x0000027165d36e20 DEOPT PACKING pc=0x000002710f83f6d8 sp=0x000000f9798fd890
Event: 14.384 Thread 0x0000027165d36e20 DEOPT UNPACKING pc=0x000002710eb53aa2 sp=0x000000f9798fd740 mode 2
Event: 14.390 Thread 0x0000027165d3afc0 Uncommon trap: trap_request=0xffffff45 fr.pc=0x000002710f8b4ff0 relative=0x0000000000002750
Event: 14.390 Thread 0x0000027165d3afc0 Uncommon trap: reason=unstable_if action=reinterpret pc=0x000002710f8b4ff0 method=org.eclipse.jdt.internal.compiler.parser.Scanner.internalScanIdentifierOrKeyword(II[C)Lorg/eclipse/jdt/internal/compiler/parser/TerminalToken; @ 1313 c2
Event: 14.391 Thread 0x0000027165d3afc0 DEOPT PACKING pc=0x000002710f8b4ff0 sp=0x000000f97a4fe030
Event: 14.391 Thread 0x0000027165d3afc0 DEOPT UNPACKING pc=0x000002710eb53aa2 sp=0x000000f97a4fdfd8 mode 2
Event: 14.606 Thread 0x0000027165d36e20 Uncommon trap: trap_request=0xffffff45 fr.pc=0x000002710f6bc9ec relative=0x000000000000038c

Classes loaded (20 events):
Event: 12.526 Loading class java/util/WeakHashMap$KeyIterator
Event: 12.527 Loading class java/util/WeakHashMap$KeyIterator done
Event: 12.546 Loading class java/util/concurrent/CompletableFuture$UniApply
Event: 12.546 Loading class java/util/concurrent/CompletableFuture$UniCompletion
Event: 12.546 Loading class java/util/concurrent/CompletableFuture$UniCompletion done
Event: 12.546 Loading class java/util/concurrent/CompletableFuture$UniApply done
Event: 12.547 Loading class java/util/concurrent/CompletableFuture$UniAccept
Event: 12.547 Loading class java/util/concurrent/CompletableFuture$UniAccept done
Event: 12.548 Loading class java/util/concurrent/CompletableFuture$UniExceptionally
Event: 12.548 Loading class java/util/concurrent/CompletableFuture$UniExceptionally done
Event: 12.596 Loading class java/util/Hashtable$KeySet
Event: 12.596 Loading class java/util/Hashtable$KeySet done
Event: 12.961 Loading class java/lang/UnsupportedClassVersionError
Event: 12.961 Loading class java/lang/UnsupportedClassVersionError done
Event: 14.137 Loading class sun/security/ssl/Alert
Event: 14.137 Loading class sun/security/ssl/Alert done
Event: 14.138 Loading class sun/security/ssl/Alert$AlertConsumer
Event: 14.138 Loading class sun/security/ssl/Alert$AlertConsumer done
Event: 14.138 Loading class sun/security/ssl/Alert$Level
Event: 14.138 Loading class sun/security/ssl/Alert$Level done

Classes unloaded (7 events):
Event: 6.694 Thread 0x000002715dad9990 Unloading class 0x000002711d1b5000 'java/lang/invoke/LambdaForm$MH+0x000002711d1b5000'
Event: 6.694 Thread 0x000002715dad9990 Unloading class 0x000002711d1b4c00 'java/lang/invoke/LambdaForm$MH+0x000002711d1b4c00'
Event: 6.694 Thread 0x000002715dad9990 Unloading class 0x000002711d1b4800 'java/lang/invoke/LambdaForm$MH+0x000002711d1b4800'
Event: 6.694 Thread 0x000002715dad9990 Unloading class 0x000002711d1b4400 'java/lang/invoke/LambdaForm$MH+0x000002711d1b4400'
Event: 6.694 Thread 0x000002715dad9990 Unloading class 0x000002711d1b4000 'java/lang/invoke/LambdaForm$BMH+0x000002711d1b4000'
Event: 6.694 Thread 0x000002715dad9990 Unloading class 0x000002711d1b3c00 'java/lang/invoke/LambdaForm$DMH+0x000002711d1b3c00'
Event: 6.694 Thread 0x000002715dad9990 Unloading class 0x000002711d1b2800 'java/lang/invoke/LambdaForm$DMH+0x000002711d1b2800'

Classes redefined (0 events):
No events

Internal exceptions (20 events):
Event: 12.597 Thread 0x0000027165d36e20 Exception <a 'java/io/FileNotFoundException'{0x00000000d5cf19d8}> (0x00000000d5cf19d8) 
thrown [s\src\hotspot\share\prims\jni.cpp, line 520]
Event: 12.618 Thread 0x0000027165d36e20 Exception <a 'sun/nio/fs/WindowsException'{0x00000000d607bab0}> (0x00000000d607bab0) 
thrown [s\src\hotspot\share\prims\jni.cpp, line 520]
Event: 12.618 Thread 0x0000027165d36e20 Exception <a 'sun/nio/fs/WindowsException'{0x00000000d607c300}> (0x00000000d607c300) 
thrown [s\src\hotspot\share\prims\jni.cpp, line 520]
Event: 12.619 Thread 0x0000027165d36e20 Exception <a 'sun/nio/fs/WindowsException'{0x00000000d607d550}> (0x00000000d607d550) 
thrown [s\src\hotspot\share\prims\jni.cpp, line 520]
Event: 12.619 Thread 0x0000027165d36e20 Exception <a 'sun/nio/fs/WindowsException'{0x00000000d60b0370}> (0x00000000d60b0370) 
thrown [s\src\hotspot\share\prims\jni.cpp, line 520]
Event: 12.625 Thread 0x0000027165d36e20 Exception <a 'java/io/FileNotFoundException'{0x00000000d55c2e18}> (0x00000000d55c2e18) 
thrown [s\src\hotspot\share\prims\jni.cpp, line 520]
Event: 12.625 Thread 0x0000027165d36e20 Exception <a 'java/io/FileNotFoundException'{0x00000000d55c3ba0}> (0x00000000d55c3ba0) 
thrown [s\src\hotspot\share\prims\jni.cpp, line 520]
Event: 12.625 Thread 0x0000027167b6cc60 Implicit null exception at 0x000002710f8119e3 to 0x000002710f8125e0
Event: 12.639 Thread 0x0000027165d36e20 Exception <a 'sun/nio/fs/WindowsException'{0x00000000d56e3160}> (0x00000000d56e3160) 
thrown [s\src\hotspot\share\prims\jni.cpp, line 520]
Event: 12.639 Thread 0x0000027165d36e20 Exception <a 'sun/nio/fs/WindowsException'{0x00000000d56e39b0}> (0x00000000d56e39b0) 
thrown [s\src\hotspot\share\prims\jni.cpp, line 520]
Event: 12.651 Thread 0x0000027167b67710 Exception <a 'java/lang/NoSuchMethodError'{0x00000000d5746d30}: 'java.lang.Object java.lang.invoke.DirectMethodHandle$Holder.invokeStaticInit(java.lang.Object, java.lang.Object, java.lang.Object)'> (0x00000000d5746d30) 
thrown [s\src\hotspot\share\interpreter\linkResolver.cpp, line 773]
Event: 12.796 Thread 0x0000027165d36e20 Exception <a 'java/lang/NoSuchMethodError'{0x00000000d5788e28}: 'void java.lang.invoke.DirectMethodHandle$Holder.invokeStatic(java.lang.Object, java.lang.Object, java.lang.Object, int)'> (0x00000000d5788e28) 
thrown [s\src\hotspot\share\interpreter\linkResolver.cpp, line 773]
Event: 12.801 Thread 0x0000027165d36e20 Exception <a 'java/lang/NoSuchMethodError'{0x00000000d57dfe40}: 'void java.lang.invoke.DirectMethodHandle$Holder.invokeVirtual(java.lang.Object, java.lang.Object, int)'> (0x00000000d57dfe40) 
thrown [s\src\hotspot\share\interpreter\linkResolver.cpp, line 773]
Event: 12.941 Thread 0x0000027167b69e70 Exception <a 'java/lang/NoSuchMethodError'{0x00000000d5c6c328}: 'java.lang.Object java.lang.invoke.DirectMethodHandle$Holder.invokeSpecial(java.lang.Object, java.lang.Object, int, long)'> (0x00000000d5c6c328) 
thrown [s\src\hotspot\share\interpreter\linkResolver.cpp, line 773]
Event: 12.975 Thread 0x0000027167b6ab90 Exception <a 'java/lang/NoSuchMethodError'{0x00000000d58993e0}: 'int java.lang.invoke.Invokers$Holder.invokeExact_MT(java.lang.Object, java.lang.Object)'> (0x00000000d58993e0) 
thrown [s\src\hotspot\share\interpreter\linkResolver.cpp, line 773]
Event: 13.114 Thread 0x0000027167b6ab90 Implicit null exception at 0x000002710f73f926 to 0x000002710f73fef4
Event: 14.284 Thread 0x0000027165d3afc0 Implicit null exception at 0x000002710f89fa06 to 0x000002710f89fb31
Event: 14.284 Thread 0x0000027165d3afc0 Implicit null exception at 0x000002710f8a2228 to 0x000002710f8a2c68
Event: 14.284 Thread 0x0000027165d3afc0 Implicit null exception at 0x000002710f88f886 to 0x000002710f88f990
Event: 14.379 Thread 0x0000027165d3afc0 Implicit null exception at 0x000002710f8bd800 to 0x000002710f8c08b0

ZGC Phase Switch (0 events):
No events

VM Operations (20 events):
Event: 14.349 Executing VM operation: ParallelGCFailedAllocation (Allocation Failure)
Event: 14.349 Executing VM operation: ParallelGCFailedAllocation (Allocation Failure) done
Event: 14.358 Executing VM operation: ParallelGCFailedAllocation (Allocation Failure)
Event: 14.359 Executing VM operation: ParallelGCFailedAllocation (Allocation Failure) done
Event: 14.364 Executing VM operation: ParallelGCFailedAllocation (Allocation Failure)
Event: 14.364 Executing VM operation: ParallelGCFailedAllocation (Allocation Failure) done
Event: 14.371 Executing VM operation: ParallelGCFailedAllocation (Allocation Failure)
Event: 14.372 Executing VM operation: ParallelGCFailedAllocation (Allocation Failure) done
Event: 14.376 Executing VM operation: ParallelGCFailedAllocation (Allocation Failure)
Event: 14.377 Executing VM operation: ParallelGCFailedAllocation (Allocation Failure) done
Event: 14.382 Executing VM operation: ParallelGCFailedAllocation (Allocation Failure)
Event: 14.383 Executing VM operation: ParallelGCFailedAllocation (Allocation Failure) done
Event: 14.387 Executing VM operation: ParallelGCFailedAllocation (Allocation Failure)
Event: 14.388 Executing VM operation: ParallelGCFailedAllocation (Allocation Failure) done
Event: 14.395 Executing VM operation: ParallelGCFailedAllocation (Allocation Failure)
Event: 14.395 Executing VM operation: ParallelGCFailedAllocation (Allocation Failure) done
Event: 14.399 Executing VM operation: ParallelGCFailedAllocation (Allocation Failure)
Event: 14.399 Executing VM operation: ParallelGCFailedAllocation (Allocation Failure) done
Event: 14.402 Executing VM operation: ParallelGCFailedAllocation (Allocation Failure)
Event: 14.403 Executing VM operation: ParallelGCFailedAllocation (Allocation Failure) done

Memory protections (0 events):
No events

Nmethod flushes (20 events):
Event: 12.170 Thread 0x000002715dad9990 flushing  nmethod 0x0000027108139410
Event: 12.170 Thread 0x000002715dad9990 flushing  nmethod 0x0000027108162710
Event: 12.170 Thread 0x000002715dad9990 flushing osr nmethod 0x00000271081a6f10
Event: 12.170 Thread 0x000002715dad9990 flushing  nmethod 0x00000271081bcf90
Event: 12.170 Thread 0x000002715dad9990 flushing  nmethod 0x00000271081cf910
Event: 12.171 Thread 0x000002715dad9990 flushing  nmethod 0x00000271081e1610
Event: 12.171 Thread 0x000002715dad9990 flushing  nmethod 0x00000271081e6890
Event: 12.171 Thread 0x000002715dad9990 flushing  nmethod 0x00000271081e7390
Event: 12.171 Thread 0x000002715dad9990 flushing  nmethod 0x00000271081e9a90
Event: 12.171 Thread 0x000002715dad9990 flushing  nmethod 0x0000027108206690
Event: 12.171 Thread 0x000002715dad9990 flushing  nmethod 0x0000027108206c90
Event: 12.171 Thread 0x000002715dad9990 flushing  nmethod 0x0000027108207390
Event: 12.171 Thread 0x000002715dad9990 flushing  nmethod 0x0000027108207c10
Event: 12.171 Thread 0x000002715dad9990 flushing  nmethod 0x0000027108207f90
Event: 12.171 Thread 0x000002715dad9990 flushing  nmethod 0x0000027108209a10
Event: 12.171 Thread 0x000002715dad9990 flushing  nmethod 0x000002710829f310
Event: 12.171 Thread 0x000002715dad9990 flushing  nmethod 0x00000271082a0c10
Event: 12.171 Thread 0x000002715dad9990 flushing  nmethod 0x00000271082a1490
Event: 12.171 Thread 0x000002715dad9990 flushing  nmethod 0x00000271082b0510
Event: 12.171 Thread 0x000002715dad9990 flushing  nmethod 0x00000271082be890

Events (20 events):
Event: 10.956 Thread 0x0000027166745db0 Thread exited: 0x0000027166745db0
Event: 11.075 Thread 0x000002715dbd8c10 Thread added: 0x00000271666ec7c0
Event: 11.081 Thread 0x000002715daf4da0 Thread added: 0x00000271666ed560
Event: 11.097 Thread 0x000002715dbd8c10 Thread added: 0x00000271666eac80
Event: 11.146 Thread 0x000002715daf4da0 Thread added: 0x00000271666ea5b0
Event: 11.164 Thread 0x000002715daeaeb0 Thread added: 0x00000271666eb350
Event: 11.164 Thread 0x000002715daeaeb0 Thread added: 0x0000027165762f80
Event: 11.167 Thread 0x0000027165b0b120 Thread added: 0x00000271657606a0
Event: 12.043 Thread 0x00000271657606a0 Thread exited: 0x00000271657606a0
Event: 12.209 Thread 0x0000027165762f80 Thread exited: 0x0000027165762f80
Event: 12.277 Thread 0x0000027165b0b120 Thread added: 0x0000027165761440
Event: 12.941 Thread 0x0000027165761440 Thread exited: 0x0000027165761440
Event: 12.943 Thread 0x00000271666eb350 Thread exited: 0x00000271666eb350
Event: 12.943 Thread 0x00000271666ea5b0 Thread exited: 0x00000271666ea5b0
Event: 12.943 Thread 0x00000271666eac80 Thread exited: 0x00000271666eac80
Event: 12.953 Thread 0x00000271666ed560 Thread exited: 0x00000271666ed560
Event: 13.005 Thread 0x0000027160356690 Thread added: 0x0000027165761440
Event: 13.016 Thread 0x000002715dbd8c10 Thread added: 0x00000271657628b0
Event: 13.018 Thread 0x000002715dbd8c10 Thread added: 0x0000027165760d70
Event: 13.018 Thread 0x000002715dbd8c10 Thread added: 0x0000027165761b10


Dynamic libraries:
0x00007ff623f30000 - 0x00007ff623f3e000 	c:\Users\Danie\.cursor\extensions\redhat.java-1.51.0-win32-x64\jre\21.0.9-win32-x86_64\bin\java.exe
0x00007ffc86520000 - 0x00007ffc86787000 	C:\WINDOWS\SYSTEM32\ntdll.dll
0x00007ffc85220000 - 0x00007ffc852e9000 	C:\WINDOWS\System32\KERNEL32.DLL
0x00007ffc83d70000 - 0x00007ffc8415f000 	C:\WINDOWS\System32\KERNELBASE.dll
0x00007ffc83aa0000 - 0x00007ffc83beb000 	C:\WINDOWS\System32\ucrtbase.dll
0x00007ffc37710000 - 0x00007ffc3772e000 	c:\Users\Danie\.cursor\extensions\redhat.java-1.51.0-win32-x64\jre\21.0.9-win32-x86_64\bin\VCRUNTIME140.dll
0x00007ffc376f0000 - 0x00007ffc37708000 	c:\Users\Danie\.cursor\extensions\redhat.java-1.51.0-win32-x64\jre\21.0.9-win32-x86_64\bin\jli.dll
0x00007ffc861c0000 - 0x00007ffc86385000 	C:\WINDOWS\System32\USER32.dll
0x00007ffc83670000 - 0x00007ffc83697000 	C:\WINDOWS\System32\win32u.dll
0x00007ffc681a0000 - 0x00007ffc68433000 	C:\WINDOWS\WinSxS\amd64_microsoft.windows.common-controls_6595b64144ccf1df_6.0.26100.7309_none_3e05feeae336a044\COMCTL32.dll
0x00007ffc842c0000 - 0x00007ffc842eb000 	C:\WINDOWS\System32\GDI32.dll
0x00007ffc85f90000 - 0x00007ffc86039000 	C:\WINDOWS\System32\msvcrt.dll
0x00007ffc836a0000 - 0x00007ffc837cc000 	C:\WINDOWS\System32\gdi32full.dll
0x00007ffc83880000 - 0x00007ffc83923000 	C:\WINDOWS\System32\msvcp_win.dll
0x00007ffc85bb0000 - 0x00007ffc85be1000 	C:\WINDOWS\System32\IMM32.DLL
0x00007ffc1f370000 - 0x00007ffc1f462000 	D:\Programs\Windhawk\Engine\1.7.3\64\windhawk.dll
0x00007ffc860c0000 - 0x00007ffc86174000 	C:\WINDOWS\System32\ADVAPI32.dll
0x00007ffc85490000 - 0x00007ffc85536000 	C:\WINDOWS\System32\sechost.dll
0x00007ffc84c30000 - 0x00007ffc84d48000 	C:\WINDOWS\System32\RPCRT4.dll
0x00007ffc376e0000 - 0x00007ffc376ec000 	c:\Users\Danie\.cursor\extensions\redhat.java-1.51.0-win32-x64\jre\21.0.9-win32-x86_64\bin\vcruntime140_1.dll
0x00007ffc372b0000 - 0x00007ffc3733d000 	c:\Users\Danie\.cursor\extensions\redhat.java-1.51.0-win32-x64\jre\21.0.9-win32-x86_64\bin\msvcp140.dll
0x00007ffc2f130000 - 0x00007ffc2fed0000 	c:\Users\Danie\.cursor\extensions\redhat.java-1.51.0-win32-x64\jre\21.0.9-win32-x86_64\bin\server\jvm.dll
0x00007ffc86040000 - 0x00007ffc860b4000 	C:\WINDOWS\System32\WS2_32.dll
0x00007ffc83420000 - 0x00007ffc8347e000 	C:\WINDOWS\SYSTEM32\POWRPROF.dll
0x00007ffc7c730000 - 0x00007ffc7c73b000 	C:\WINDOWS\SYSTEM32\VERSION.dll
0x00007ffc768e0000 - 0x00007ffc76915000 	C:\WINDOWS\SYSTEM32\WINMM.dll
0x00007ffc83300000 - 0x00007ffc83314000 	C:\WINDOWS\SYSTEM32\UMPDC.dll
0x00007ffc822e0000 - 0x00007ffc822fb000 	C:\WINDOWS\SYSTEM32\kernel.appcore.dll
0x00007ffc376d0000 - 0x00007ffc376da000 	c:\Users\Danie\.cursor\extensions\redhat.java-1.51.0-win32-x64\jre\21.0.9-win32-x86_64\bin\jimage.dll
0x00007ffc6c480000 - 0x00007ffc6c6c2000 	C:\WINDOWS\SYSTEM32\DBGHELP.DLL
0x00007ffc85c00000 - 0x00007ffc85f85000 	C:\WINDOWS\System32\combase.dll
0x00007ffc84fc0000 - 0x00007ffc85096000 	C:\WINDOWS\System32\OLEAUT32.dll
0x00007ffc6af60000 - 0x00007ffc6af9c000 	C:\WINDOWS\SYSTEM32\dbgcore.DLL
0x00007ffc837d0000 - 0x00007ffc83875000 	C:\WINDOWS\System32\bcryptPrimitives.dll
0x00007ffc376c0000 - 0x00007ffc376cf000 	c:\Users\Danie\.cursor\extensions\redhat.java-1.51.0-win32-x64\jre\21.0.9-win32-x86_64\bin\instrument.dll
0x00007ffc376a0000 - 0x00007ffc376c0000 	c:\Users\Danie\.cursor\extensions\redhat.java-1.51.0-win32-x64\jre\21.0.9-win32-x86_64\bin\java.dll
0x00007ffc844d0000 - 0x00007ffc84c23000 	C:\WINDOWS\System32\SHELL32.dll
0x00007ffc83930000 - 0x00007ffc83a9a000 	C:\WINDOWS\System32\wintypes.dll
0x00007ffc81250000 - 0x00007ffc81aae000 	C:\WINDOWS\SYSTEM32\windows.storage.dll
0x00007ffc85540000 - 0x00007ffc85635000 	C:\WINDOWS\System32\SHCORE.dll
0x00007ffc84d50000 - 0x00007ffc84db6000 	C:\WINDOWS\System32\shlwapi.dll
0x00007ffc83590000 - 0x00007ffc835b9000 	C:\WINDOWS\SYSTEM32\profapi.dll
0x00007ffc37290000 - 0x00007ffc372a8000 	c:\Users\Danie\.cursor\extensions\redhat.java-1.51.0-win32-x64\jre\21.0.9-win32-x86_64\bin\zip.dll
0x00007ffc37690000 - 0x00007ffc376a0000 	C:\Users\Danie\.cursor\extensions\redhat.java-1.51.0-win32-x64\jre\21.0.9-win32-x86_64\bin\net.dll
0x00007ffc7c150000 - 0x00007ffc7c278000 	C:\WINDOWS\SYSTEM32\WINHTTP.dll
0x00007ffc82930000 - 0x00007ffc8299b000 	C:\WINDOWS\system32\mswsock.dll
0x00007ffc37270000 - 0x00007ffc37286000 	C:\Users\Danie\.cursor\extensions\redhat.java-1.51.0-win32-x64\jre\21.0.9-win32-x86_64\bin\nio.dll
0x00007ffc37260000 - 0x00007ffc37270000 	c:\Users\Danie\.cursor\extensions\redhat.java-1.51.0-win32-x64\jre\21.0.9-win32-x86_64\bin\verify.dll
0x00007ffc36160000 - 0x00007ffc361a4000 	C:\Users\Danie\AppData\Roaming\Cursor\User\globalStorage\redhat.java\1.51.0\config_win\org.eclipse.equinox.launcher\org.eclipse.equinox.launcher.win32.win32.x86_64_1.2.1400.v20250801-0854\eclipse_11916.dll
0x00007ffc852f0000 - 0x00007ffc85487000 	C:\WINDOWS\System32\ole32.dll
0x00007ffc82d20000 - 0x00007ffc82d3b000 	C:\WINDOWS\SYSTEM32\CRYPTSP.dll
0x00007ffc82360000 - 0x00007ffc8239a000 	C:\WINDOWS\system32\rsaenh.dll
0x00007ffc829e0000 - 0x00007ffc82a0b000 	C:\WINDOWS\SYSTEM32\USERENV.dll
0x00007ffc83560000 - 0x00007ffc8358a000 	C:\WINDOWS\SYSTEM32\bcrypt.dll
0x00007ffc82b80000 - 0x00007ffc82b8c000 	C:\WINDOWS\SYSTEM32\CRYPTBASE.dll
0x00007ffc81dd0000 - 0x00007ffc81e04000 	C:\WINDOWS\SYSTEM32\IPHLPAPI.DLL
0x00007ffc84f30000 - 0x00007ffc84f3a000 	C:\WINDOWS\System32\NSI.dll
0x00007ffc37210000 - 0x00007ffc37259000 	C:\Users\Danie\AppData\Local\Temp\jna-2039744959\jna14755109301236344507.dll
0x00007ffc856c0000 - 0x00007ffc856c8000 	C:\WINDOWS\System32\PSAPI.DLL
0x00007ffc7c410000 - 0x00007ffc7c42e000 	C:\WINDOWS\SYSTEM32\dhcpcsvc6.DLL
0x00007ffc7bf50000 - 0x00007ffc7bf73000 	C:\WINDOWS\SYSTEM32\dhcpcsvc.DLL
0x00007ffc7fdd0000 - 0x00007ffc7fdde000 	C:\Users\Danie\.cursor\extensions\redhat.java-1.51.0-win32-x64\jre\21.0.9-win32-x86_64\bin\sunmscapi.dll
0x00007ffc83bf0000 - 0x00007ffc83d67000 	C:\WINDOWS\System32\CRYPT32.dll
0x00007ffc82e70000 - 0x00007ffc82ea0000 	C:\WINDOWS\SYSTEM32\ncrypt.dll
0x00007ffc82e20000 - 0x00007ffc82e5f000 	C:\WINDOWS\SYSTEM32\NTASN1.dll
0x00007ffc81ec0000 - 0x00007ffc81fec000 	C:\WINDOWS\SYSTEM32\DNSAPI.dll
0x00007ffc7c670000 - 0x00007ffc7c67b000 	C:\Windows\System32\rasadhlp.dll
0x00007ffc77d30000 - 0x00007ffc77db6000 	C:\WINDOWS\System32\fwpuclnt.dll
0x00007ffc3cf30000 - 0x00007ffc3cf39000 	C:\Users\Danie\.cursor\extensions\redhat.java-1.51.0-win32-x64\jre\21.0.9-win32-x86_64\bin\extnet.dll

JVMTI agents:
c:\Users\Danie\.cursor\extensions\redhat.java-1.51.0-win32-x64\lombok\lombok-1.18.39-4050.jar path:c:\Users\Danie\.cursor\extensions\redhat.java-1.51.0-win32-x64\jre\21.0.9-win32-x86_64\bin\instrument.dll, loaded, initialized, instrumentlib options:none

dbghelp: loaded successfully - version: 4.0.5 - missing functions: none
symbol engine: initialized successfully - sym options: 0x614 - pdb path: .;c:\Users\Danie\.cursor\extensions\redhat.java-1.51.0-win32-x64\jre\21.0.9-win32-x86_64\bin;C:\WINDOWS\SYSTEM32;C:\WINDOWS\WinSxS\amd64_microsoft.windows.common-controls_6595b64144ccf1df_6.0.26100.7309_none_3e05feeae336a044;D:\Programs\Windhawk\Engine\1.7.3\64;c:\Users\Danie\.cursor\extensions\redhat.java-1.51.0-win32-x64\jre\21.0.9-win32-x86_64\bin\server;C:\Users\Danie\AppData\Roaming\Cursor\User\globalStorage\redhat.java\1.51.0\config_win\org.eclipse.equinox.launcher\org.eclipse.equinox.launcher.win32.win32.x86_64_1.2.1400.v20250801-0854;C:\Users\Danie\AppData\Local\Temp\jna-2039744959

VM Arguments:
jvm_args: --add-modules=ALL-SYSTEM --add-opens=java.base/java.util=ALL-UNNAMED --add-opens=java.base/java.lang=ALL-UNNAMED --add-opens=java.base/sun.nio.fs=ALL-UNNAMED -Declipse.application=org.eclipse.jdt.ls.core.id1 -Dosgi.bundles.defaultStartLevel=4 -Declipse.product=org.eclipse.jdt.ls.core.product -Djava.import.generatesMetadataFilesAtProjectRoot=false -DDetectVMInstallationsJob.disabled=true -Dfile.encoding=utf8 -XX:+UseParallelGC -XX:GCTimeRatio=4 -XX:AdaptiveSizePolicyWeight=90 -Dsun.zip.disableMemoryMapping=true -Xmx2G -Xms100m -Xlog:disable -javaagent:c:\Users\Danie\.cursor\extensions\redhat.java-1.51.0-win32-x64\lombok\lombok-1.18.39-4050.jar -XX:+HeapDumpOnOutOfMemoryError -XX:HeapDumpPath=c:\Users\Danie\AppData\Roaming\Cursor\User\workspaceStorage\fdc5b3aaf315902593eb3eec2b7a4817\redhat.java -Daether.dependencyCollector.impl=bf 
java_command: c:\Users\Danie\.cursor\extensions\redhat.java-1.51.0-win32-x64\server\plugins\org.eclipse.equinox.launcher_1.7.100.v20251111-0406.jar -configuration c:\Users\Danie\AppData\Roaming\Cursor\User\globalStorage\redhat.java\1.51.0\config_win -data c:\Users\Danie\AppData\Roaming\Cursor\User\workspaceStorage\fdc5b3aaf315902593eb3eec2b7a4817\redhat.java\jdt_ws --pipe=\\.\pipe\lsp-70348861efaf09c4b5d2055109dfa190-sock
java_class_path (initial): c:\Users\Danie\.cursor\extensions\redhat.java-1.51.0-win32-x64\server\plugins\org.eclipse.equinox.launcher_1.7.100.v20251111-0406.jar
Launcher Type: SUN_STANDARD

[Global flags]
    uintx AdaptiveSizePolicyWeight                 = 90                                        {product} {command line}
     intx CICompilerCount                          = 12                                        {product} {ergonomic}
    uintx GCTimeRatio                              = 4                                         {product} {command line}
     bool HeapDumpOnOutOfMemoryError               = true                                   {manageable} {command line}
    ccstr HeapDumpPath                             = c:\Users\Danie\AppData\Roaming\Cursor\User\workspaceStorage\fdc5b3aaf315902593eb3eec2b7a4817\redhat.java         {manageable} {command line}
   size_t InitialHeapSize                          = 104857600                                 {product} {command line}
   size_t MaxHeapSize                              = 2147483648                                {product} {command line}
   size_t MaxNewSize                               = 715653120                                 {product} {ergonomic}
   size_t MinHeapDeltaBytes                        = 524288                                    {product} {ergonomic}
   size_t MinHeapSize                              = 104857600                                 {product} {command line}
   size_t NewSize                                  = 34603008                                  {product} {ergonomic}
    uintx NonNMethodCodeHeapSize                   = 7602480                                {pd product} {ergonomic}
    uintx NonProfiledCodeHeapSize                  = 122027880                              {pd product} {ergonomic}
   size_t OldSize                                  = 70254592                                  {product} {ergonomic}
    uintx ProfiledCodeHeapSize                     = 122027880                              {pd product} {ergonomic}
    uintx ReservedCodeCacheSize                    = 251658240                              {pd product} {ergonomic}
     bool SegmentedCodeCache                       = true                                      {product} {ergonomic}
   size_t SoftMaxHeapSize                          = 2147483648                             {manageable} {ergonomic}
     bool UseCompressedOops                        = true                           {product lp64_product} {ergonomic}
     bool UseLargePagesIndividualAllocation        = false                                  {pd product} {ergonomic}
     bool UseParallelGC                            = true                                      {product} {command line}

Logging:
Log output configuration:
 #0: stdout all=off uptime,level,tags foldmultilines=false
 #1: stderr all=off uptime,level,tags foldmultilines=false

Release file:
JAVA_VERSION="21.0.9" 
MODULES="java.base java.compiler java.datatransfer java.xml java.prefs java.desktop java.instrument java.logging java.management java.security.sasl java.naming java.rmi java.management.rmi java.net.http java.scripting java.security.jgss java.transaction.xa java.sql java.sql.rowset java.xml.crypto java.se java.smartcardio jdk.accessibility jdk.internal.jvmstat jdk.attach jdk.charsets jdk.internal.opt jdk.zipfs jdk.compiler jdk.crypto.ec jdk.crypto.cryptoki jdk.crypto.mscapi jdk.dynalink jdk.internal.ed jdk.editpad jdk.hotspot.agent jdk.httpserver jdk.internal.le jdk.internal.vm.ci jdk.internal.vm.compiler jdk.internal.vm.compiler.management jdk.jartool jdk.javadoc jdk.jcmd jdk.management jdk.management.agent jdk.jconsole jdk.jdeps jdk.jdwp.agent jdk.jdi jdk.jfr jdk.jshell jdk.jsobject jdk.jstatd jdk.localedata jdk.management.jfr jdk.naming.dns jdk.naming.rmi jdk.net jdk.nio.mapmode jdk.random jdk.sctp jdk.security.auth jdk.security.jgss jdk.unsupported jdk.unsupported.desktop jdk.xml.dom" 

Environment Variables:
PATH=C:\Program Files\Common Files\Oracle\Java\javapath;C:\Program Files (x86)\Common Files\Oracle\Java\java8path;C:\Program Files (x86)\Common Files\Oracle\Java\javapath;D:\programs\VMware\VMware Player\bin\;C:\Windows\system32;C:\Windows;C:\Windows\System32\Wbem;C:\Windows\System32\WindowsPowerShell\v1.0\;C:\Windows\System32\OpenSSH\;C:\Program Files (x86)\NVIDIA Corporation\PhysX\Common;C:\Program Files\dotnet\;C:\WINDOWS\system32;C:\WINDOWS;C:\WINDOWS\System32\Wbem;C:\WINDOWS\System32\WindowsPowerShell\v1.0\;C:\WINDOWS\System32\OpenSSH\;C:\CMake\bin;C:\Android;C:\Program Files (x86)\Windows Kits\10\Windows Performance Toolkit\;C:\Program Files\Git\cmd;C:\Program Files\NVIDIA Corporation\NVIDIA app\NvDLISR;D:\Android\Sdk\platform-tools;C:\Program Files\Tailscale\;D:\Programs\cursor\resources\app\bin;D:\programs\nodejs\;C:\Users\Danie\AppData\Local\Microsoft\WindowsApps;C:\Users\Danie\AppData\Local\Programs\Microsoft VS Code\bin;C:\msys64\mingw64\bin;C:\Users\Danie\AppData\Local\spicetify;C:\Users\Danie\AppData\Roaming\npm;C:\Users\Danie\AppData\Local\Microsoft\WinGet\Packages\Spicetify.Spicetify_Microsoft.Winget.Source_8wekyb3d8bbwe;
USERNAME=Daniel
OS=Windows_NT
PROCESSOR_IDENTIFIER=AMD64 Family 25 Model 33 Stepping 0, AuthenticAMD
TMP=C:\Users\Danie\AppData\Local\Temp
TEMP=C:\Users\Danie\AppData\Local\Temp




Periodic native trim disabled

---------------  S Y S T E M  ---------------

OS:
 Windows 11 , 64 bit Build 26100 (10.0.26100.7309)
OS uptime: 0 days 2:29 hours
Hyper-V role detected

CPU: total 24 (initial active 24) (24 cores per cpu, 2 threads per core) family 25 model 33 stepping 0 microcode 0xa201016, cx8, cmov, fxsr, ht, mmx, 3dnowpref, sse, sse2, sse3, ssse3, sse4a, sse4.1, sse4.2, popcnt, lzcnt, tsc, tscinvbit, avx, avx2, aes, erms, clmul, bmi1, bmi2, adx, sha, fma, vzeroupper, clflush, clflushopt, hv, rdtscp, rdpid, fsrm, f16c, cet_ss
Processor Information for the first 24 processors :
  Max Mhz: 3701, Current Mhz: 3701, Mhz Limit: 3701

Memory: 4k page, system-wide physical 32671M (5697M free)
TotalPageFile size 34719M (AvailPageFile size 151M)
current process WorkingSet (physical memory assigned to process): 338M, peak: 344M
current process commit charge ("private bytes"): 437M, peak: 449M

vm_info: OpenJDK 64-Bit Server VM (21.0.9+10-LTS) for windows-amd64 JRE (21.0.9+10-LTS), built on 2025-10-21T00:00:00Z by "admin" with unknown MS VC++:1942

END.
